<?xml version="1.0" encoding="UTF-8"?>
<testsuite xmlns:xsi="http://www.w3.org/2001/XMLSchema-instance" xsi:noNamespaceSchemaLocation="https://maven.apache.org/surefire/maven-surefire-plugin/xsd/surefire-test-report.xsd" name="com.bezkoder.spring.jwt.mongodb.SpringBootSecurityJwtMongodbApplicationTests" time="7.37" tests="1" errors="0" skipped="0" failures="0">
  <properties>
    <property name="sun.desktop" value="gnome"/>
    <property name="awt.toolkit" value="sun.awt.X11.XToolkit"/>
    <property name="java.specification.version" value="11"/>
    <property name="sun.cpu.isalist" value=""/>
    <property name="sun.jnu.encoding" value="UTF-8"/>
    <property name="java.class.path" value="/home/rootuser/Desktop/FinalDemo/capstone/backend/target/test-classes:/home/rootuser/Desktop/FinalDemo/capstone/backend/target/classes:/home/rootuser/.m2/repository/com/google/cloud/google-cloud-vision/1.99.3/google-cloud-vision-1.99.3.jar:/home/rootuser/.m2/repository/io/grpc/grpc-api/1.30.2/grpc-api-1.30.2.jar:/home/rootuser/.m2/repository/io/grpc/grpc-context/1.30.2/grpc-context-1.30.2.jar:/home/rootuser/.m2/repository/com/google/code/findbugs/jsr305/3.0.2/jsr305-3.0.2.jar:/home/rootuser/.m2/repository/org/codehaus/mojo/animal-sniffer-annotations/1.18/animal-sniffer-annotations-1.18.jar:/home/rootuser/.m2/repository/io/grpc/grpc-stub/1.30.2/grpc-stub-1.30.2.jar:/home/rootuser/.m2/repository/io/grpc/grpc-protobuf/1.30.2/grpc-protobuf-1.30.2.jar:/home/rootuser/.m2/repository/io/grpc/grpc-protobuf-lite/1.30.2/grpc-protobuf-lite-1.30.2.jar:/home/rootuser/.m2/repository/com/google/api/api-common/1.9.3/api-common-1.9.3.jar:/home/rootuser/.m2/repository/com/google/auto/value/auto-value-annotations/1.7.2/auto-value-annotations-1.7.2.jar:/home/rootuser/.m2/repository/com/google/protobuf/protobuf-java/3.12.2/protobuf-java-3.12.2.jar:/home/rootuser/.m2/repository/com/google/api/grpc/proto-google-common-protos/1.18.0/proto-google-common-protos-1.18.0.jar:/home/rootuser/.m2/repository/com/google/api/grpc/proto-google-cloud-vision-v1p4beta1/0.82.3/proto-google-cloud-vision-v1p4beta1-0.82.3.jar:/home/rootuser/.m2/repository/com/google/api/grpc/proto-google-cloud-vision-v1/1.81.3/proto-google-cloud-vision-v1-1.81.3.jar:/home/rootuser/.m2/repository/com/google/api/grpc/proto-google-cloud-vision-v1p1beta1/0.82.3/proto-google-cloud-vision-v1p1beta1-0.82.3.jar:/home/rootuser/.m2/repository/com/google/api/grpc/proto-google-cloud-vision-v1p3beta1/0.82.3/proto-google-cloud-vision-v1p3beta1-0.82.3.jar:/home/rootuser/.m2/repository/com/google/api/grpc/proto-google-cloud-vision-v1p2beta1/1.81.3/proto-google-cloud-vision-v1p2beta1-1.81.3.jar:/home/rootuser/.m2/repository/com/google/guava/guava/29.0-android/guava-29.0-android.jar:/home/rootuser/.m2/repository/com/google/guava/failureaccess/1.0.1/failureaccess-1.0.1.jar:/home/rootuser/.m2/repository/com/google/guava/listenablefuture/9999.0-empty-to-avoid-conflict-with-guava/listenablefuture-9999.0-empty-to-avoid-conflict-with-guava.jar:/home/rootuser/.m2/repository/org/checkerframework/checker-compat-qual/2.5.5/checker-compat-qual-2.5.5.jar:/home/rootuser/.m2/repository/com/google/j2objc/j2objc-annotations/1.3/j2objc-annotations-1.3.jar:/home/rootuser/.m2/repository/com/google/api/gax/1.57.1/gax-1.57.1.jar:/home/rootuser/.m2/repository/com/google/auth/google-auth-library-oauth2-http/0.21.1/google-auth-library-oauth2-http-0.21.1.jar:/home/rootuser/.m2/repository/com/google/http-client/google-http-client/1.36.0/google-http-client-1.36.0.jar:/home/rootuser/.m2/repository/org/apache/httpcomponents/httpclient/4.5.10/httpclient-4.5.10.jar:/home/rootuser/.m2/repository/org/apache/httpcomponents/httpcore/4.4.13/httpcore-4.4.13.jar:/home/rootuser/.m2/repository/io/opencensus/opencensus-contrib-http-util/0.24.0/opencensus-contrib-http-util-0.24.0.jar:/home/rootuser/.m2/repository/com/google/http-client/google-http-client-jackson2/1.36.0/google-http-client-jackson2-1.36.0.jar:/home/rootuser/.m2/repository/io/opencensus/opencensus-api/0.24.0/opencensus-api-0.24.0.jar:/home/rootuser/.m2/repository/com/google/api/gax-grpc/1.57.1/gax-grpc-1.57.1.jar:/home/rootuser/.m2/repository/io/grpc/grpc-auth/1.30.2/grpc-auth-1.30.2.jar:/home/rootuser/.m2/repository/com/google/auth/google-auth-library-credentials/0.21.1/google-auth-library-credentials-0.21.1.jar:/home/rootuser/.m2/repository/io/grpc/grpc-netty-shaded/1.30.2/grpc-netty-shaded-1.30.2.jar:/home/rootuser/.m2/repository/io/grpc/grpc-core/1.30.2/grpc-core-1.30.2.jar:/home/rootuser/.m2/repository/com/google/android/annotations/4.1.1.4/annotations-4.1.1.4.jar:/home/rootuser/.m2/repository/io/perfmark/perfmark-api/0.19.0/perfmark-api-0.19.0.jar:/home/rootuser/.m2/repository/io/grpc/grpc-alts/1.30.2/grpc-alts-1.30.2.jar:/home/rootuser/.m2/repository/io/grpc/grpc-grpclb/1.30.2/grpc-grpclb-1.30.2.jar:/home/rootuser/.m2/repository/org/apache/commons/commons-lang3/3.9/commons-lang3-3.9.jar:/home/rootuser/.m2/repository/org/conscrypt/conscrypt-openjdk-uber/2.2.1/conscrypt-openjdk-uber-2.2.1.jar:/home/rootuser/.m2/repository/org/threeten/threetenbp/1.4.3/threetenbp-1.4.3.jar:/home/rootuser/.m2/repository/javax/annotation/javax.annotation-api/1.3.2/javax.annotation-api-1.3.2.jar:/home/rootuser/.m2/repository/com/jlefebure/spring-boot-starter-minio/1.1/spring-boot-starter-minio-1.1.jar:/home/rootuser/.m2/repository/org/springframework/boot/spring-boot-starter/2.2.4.RELEASE/spring-boot-starter-2.2.4.RELEASE.jar:/home/rootuser/.m2/repository/org/springframework/boot/spring-boot/2.2.4.RELEASE/spring-boot-2.2.4.RELEASE.jar:/home/rootuser/.m2/repository/org/springframework/boot/spring-boot-autoconfigure/2.2.4.RELEASE/spring-boot-autoconfigure-2.2.4.RELEASE.jar:/home/rootuser/.m2/repository/org/springframework/boot/spring-boot-starter-logging/2.2.4.RELEASE/spring-boot-starter-logging-2.2.4.RELEASE.jar:/home/rootuser/.m2/repository/ch/qos/logback/logback-classic/1.2.3/logback-classic-1.2.3.jar:/home/rootuser/.m2/repository/ch/qos/logback/logback-core/1.2.3/logback-core-1.2.3.jar:/home/rootuser/.m2/repository/org/apache/logging/log4j/log4j-to-slf4j/2.12.1/log4j-to-slf4j-2.12.1.jar:/home/rootuser/.m2/repository/org/apache/logging/log4j/log4j-api/2.12.1/log4j-api-2.12.1.jar:/home/rootuser/.m2/repository/org/slf4j/jul-to-slf4j/1.7.30/jul-to-slf4j-1.7.30.jar:/home/rootuser/.m2/repository/jakarta/annotation/jakarta.annotation-api/1.3.5/jakarta.annotation-api-1.3.5.jar:/home/rootuser/.m2/repository/org/yaml/snakeyaml/1.25/snakeyaml-1.25.jar:/home/rootuser/.m2/repository/io/minio/minio/6.0.8/minio-6.0.8.jar:/home/rootuser/.m2/repository/com/google/http-client/google-http-client-xml/1.36.0/google-http-client-xml-1.36.0.jar:/home/rootuser/.m2/repository/xpp3/xpp3/1.1.4c/xpp3-1.1.4c.jar:/home/rootuser/.m2/repository/com/squareup/okhttp3/okhttp/3.14.6/okhttp-3.14.6.jar:/home/rootuser/.m2/repository/com/squareup/okio/okio/1.17.2/okio-1.17.2.jar:/home/rootuser/.m2/repository/joda-time/joda-time/2.10.5/joda-time-2.10.5.jar:/home/rootuser/.m2/repository/com/fasterxml/jackson/core/jackson-annotations/2.10.2/jackson-annotations-2.10.2.jar:/home/rootuser/.m2/repository/com/fasterxml/jackson/core/jackson-core/2.10.2/jackson-core-2.10.2.jar:/home/rootuser/.m2/repository/com/google/code/findbugs/annotations/3.0.1/annotations-3.0.1.jar:/home/rootuser/.m2/repository/net/jcip/jcip-annotations/1.0/jcip-annotations-1.0.jar:/home/rootuser/.m2/repository/io/micrometer/micrometer-core/1.3.2/micrometer-core-1.3.2.jar:/home/rootuser/.m2/repository/org/hdrhistogram/HdrHistogram/2.1.11/HdrHistogram-2.1.11.jar:/home/rootuser/.m2/repository/org/latencyutils/LatencyUtils/2.0.3/LatencyUtils-2.0.3.jar:/home/rootuser/.m2/repository/org/springframework/spring-aop/5.2.3.RELEASE/spring-aop-5.2.3.RELEASE.jar:/home/rootuser/.m2/repository/org/springframework/spring-beans/5.2.3.RELEASE/spring-beans-5.2.3.RELEASE.jar:/home/rootuser/.m2/repository/org/springframework/boot/spring-boot-starter-aop/2.2.4.RELEASE/spring-boot-starter-aop-2.2.4.RELEASE.jar:/home/rootuser/.m2/repository/org/aspectj/aspectjweaver/1.9.5/aspectjweaver-1.9.5.jar:/home/rootuser/.m2/repository/org/springframework/kafka/spring-kafka/2.3.5.RELEASE/spring-kafka-2.3.5.RELEASE.jar:/home/rootuser/.m2/repository/org/apache/kafka/kafka-clients/2.3.1/kafka-clients-2.3.1.jar:/home/rootuser/.m2/repository/com/github/luben/zstd-jni/1.4.0-1/zstd-jni-1.4.0-1.jar:/home/rootuser/.m2/repository/org/lz4/lz4-java/1.6.0/lz4-java-1.6.0.jar:/home/rootuser/.m2/repository/org/xerial/snappy/snappy-java/1.1.7.3/snappy-java-1.1.7.3.jar:/home/rootuser/.m2/repository/org/slf4j/slf4j-api/1.7.30/slf4j-api-1.7.30.jar:/home/rootuser/.m2/repository/org/springframework/retry/spring-retry/1.2.5.RELEASE/spring-retry-1.2.5.RELEASE.jar:/home/rootuser/.m2/repository/org/springframework/spring-context/5.2.3.RELEASE/spring-context-5.2.3.RELEASE.jar:/home/rootuser/.m2/repository/org/springframework/spring-expression/5.2.3.RELEASE/spring-expression-5.2.3.RELEASE.jar:/home/rootuser/.m2/repository/org/springframework/spring-messaging/5.2.3.RELEASE/spring-messaging-5.2.3.RELEASE.jar:/home/rootuser/.m2/repository/org/springframework/spring-tx/5.2.3.RELEASE/spring-tx-5.2.3.RELEASE.jar:/home/rootuser/.m2/repository/com/google/protobuf/protobuf-java-util/3.12.2/protobuf-java-util-3.12.2.jar:/home/rootuser/.m2/repository/com/google/errorprone/error_prone_annotations/2.3.4/error_prone_annotations-2.3.4.jar:/home/rootuser/.m2/repository/com/google/code/gson/gson/2.8.6/gson-2.8.6.jar:/home/rootuser/.m2/repository/org/springframework/boot/spring-boot-starter-data-mongodb/2.2.4.RELEASE/spring-boot-starter-data-mongodb-2.2.4.RELEASE.jar:/home/rootuser/.m2/repository/org/mongodb/mongodb-driver/3.11.2/mongodb-driver-3.11.2.jar:/home/rootuser/.m2/repository/org/mongodb/bson/3.11.2/bson-3.11.2.jar:/home/rootuser/.m2/repository/org/mongodb/mongodb-driver-core/3.11.2/mongodb-driver-core-3.11.2.jar:/home/rootuser/.m2/repository/org/springframework/data/spring-data-mongodb/2.2.4.RELEASE/spring-data-mongodb-2.2.4.RELEASE.jar:/home/rootuser/.m2/repository/org/springframework/data/spring-data-commons/2.2.4.RELEASE/spring-data-commons-2.2.4.RELEASE.jar:/home/rootuser/.m2/repository/org/springframework/boot/spring-boot-starter-security/2.2.4.RELEASE/spring-boot-starter-security-2.2.4.RELEASE.jar:/home/rootuser/.m2/repository/org/springframework/security/spring-security-config/5.2.1.RELEASE/spring-security-config-5.2.1.RELEASE.jar:/home/rootuser/.m2/repository/org/springframework/security/spring-security-web/5.2.1.RELEASE/spring-security-web-5.2.1.RELEASE.jar:/home/rootuser/.m2/repository/org/springframework/boot/spring-boot-starter-web/2.2.4.RELEASE/spring-boot-starter-web-2.2.4.RELEASE.jar:/home/rootuser/.m2/repository/org/springframework/boot/spring-boot-starter-json/2.2.4.RELEASE/spring-boot-starter-json-2.2.4.RELEASE.jar:/home/rootuser/.m2/repository/com/fasterxml/jackson/datatype/jackson-datatype-jdk8/2.10.2/jackson-datatype-jdk8-2.10.2.jar:/home/rootuser/.m2/repository/com/fasterxml/jackson/datatype/jackson-datatype-jsr310/2.10.2/jackson-datatype-jsr310-2.10.2.jar:/home/rootuser/.m2/repository/com/fasterxml/jackson/module/jackson-module-parameter-names/2.10.2/jackson-module-parameter-names-2.10.2.jar:/home/rootuser/.m2/repository/org/springframework/boot/spring-boot-starter-tomcat/2.2.4.RELEASE/spring-boot-starter-tomcat-2.2.4.RELEASE.jar:/home/rootuser/.m2/repository/org/apache/tomcat/embed/tomcat-embed-core/9.0.30/tomcat-embed-core-9.0.30.jar:/home/rootuser/.m2/repository/org/apache/tomcat/embed/tomcat-embed-el/9.0.30/tomcat-embed-el-9.0.30.jar:/home/rootuser/.m2/repository/org/apache/tomcat/embed/tomcat-embed-websocket/9.0.30/tomcat-embed-websocket-9.0.30.jar:/home/rootuser/.m2/repository/org/springframework/boot/spring-boot-starter-validation/2.2.4.RELEASE/spring-boot-starter-validation-2.2.4.RELEASE.jar:/home/rootuser/.m2/repository/jakarta/validation/jakarta.validation-api/2.0.2/jakarta.validation-api-2.0.2.jar:/home/rootuser/.m2/repository/org/hibernate/validator/hibernate-validator/6.0.18.Final/hibernate-validator-6.0.18.Final.jar:/home/rootuser/.m2/repository/org/jboss/logging/jboss-logging/3.4.1.Final/jboss-logging-3.4.1.Final.jar:/home/rootuser/.m2/repository/com/fasterxml/classmate/1.5.1/classmate-1.5.1.jar:/home/rootuser/.m2/repository/org/springframework/spring-web/5.2.3.RELEASE/spring-web-5.2.3.RELEASE.jar:/home/rootuser/.m2/repository/org/springframework/spring-webmvc/5.2.3.RELEASE/spring-webmvc-5.2.3.RELEASE.jar:/home/rootuser/.m2/repository/io/jsonwebtoken/jjwt/0.9.1/jjwt-0.9.1.jar:/home/rootuser/.m2/repository/com/fasterxml/jackson/core/jackson-databind/2.10.2/jackson-databind-2.10.2.jar:/home/rootuser/.m2/repository/jakarta/xml/bind/jakarta.xml.bind-api/2.3.2/jakarta.xml.bind-api-2.3.2.jar:/home/rootuser/.m2/repository/jakarta/activation/jakarta.activation-api/1.2.1/jakarta.activation-api-1.2.1.jar:/home/rootuser/.m2/repository/io/micrometer/micrometer-registry-prometheus/1.3.2/micrometer-registry-prometheus-1.3.2.jar:/home/rootuser/.m2/repository/io/prometheus/simpleclient_common/0.7.0/simpleclient_common-0.7.0.jar:/home/rootuser/.m2/repository/io/prometheus/simpleclient/0.7.0/simpleclient-0.7.0.jar:/home/rootuser/.m2/repository/org/springframework/boot/spring-boot-starter-test/2.2.4.RELEASE/spring-boot-starter-test-2.2.4.RELEASE.jar:/home/rootuser/.m2/repository/org/springframework/boot/spring-boot-test/2.2.4.RELEASE/spring-boot-test-2.2.4.RELEASE.jar:/home/rootuser/.m2/repository/org/springframework/boot/spring-boot-test-autoconfigure/2.2.4.RELEASE/spring-boot-test-autoconfigure-2.2.4.RELEASE.jar:/home/rootuser/.m2/repository/com/jayway/jsonpath/json-path/2.4.0/json-path-2.4.0.jar:/home/rootuser/.m2/repository/net/minidev/json-smart/2.3/json-smart-2.3.jar:/home/rootuser/.m2/repository/net/minidev/accessors-smart/1.2/accessors-smart-1.2.jar:/home/rootuser/.m2/repository/org/ow2/asm/asm/5.0.4/asm-5.0.4.jar:/home/rootuser/.m2/repository/org/junit/jupiter/junit-jupiter/5.5.2/junit-jupiter-5.5.2.jar:/home/rootuser/.m2/repository/org/junit/jupiter/junit-jupiter-api/5.5.2/junit-jupiter-api-5.5.2.jar:/home/rootuser/.m2/repository/org/apiguardian/apiguardian-api/1.1.0/apiguardian-api-1.1.0.jar:/home/rootuser/.m2/repository/org/opentest4j/opentest4j/1.2.0/opentest4j-1.2.0.jar:/home/rootuser/.m2/repository/org/junit/platform/junit-platform-commons/1.5.2/junit-platform-commons-1.5.2.jar:/home/rootuser/.m2/repository/org/junit/jupiter/junit-jupiter-params/5.5.2/junit-jupiter-params-5.5.2.jar:/home/rootuser/.m2/repository/org/junit/jupiter/junit-jupiter-engine/5.5.2/junit-jupiter-engine-5.5.2.jar:/home/rootuser/.m2/repository/org/junit/platform/junit-platform-engine/1.5.2/junit-platform-engine-1.5.2.jar:/home/rootuser/.m2/repository/org/mockito/mockito-junit-jupiter/3.1.0/mockito-junit-jupiter-3.1.0.jar:/home/rootuser/.m2/repository/org/assertj/assertj-core/3.13.2/assertj-core-3.13.2.jar:/home/rootuser/.m2/repository/org/hamcrest/hamcrest/2.1/hamcrest-2.1.jar:/home/rootuser/.m2/repository/org/mockito/mockito-core/3.1.0/mockito-core-3.1.0.jar:/home/rootuser/.m2/repository/net/bytebuddy/byte-buddy/1.10.6/byte-buddy-1.10.6.jar:/home/rootuser/.m2/repository/net/bytebuddy/byte-buddy-agent/1.10.6/byte-buddy-agent-1.10.6.jar:/home/rootuser/.m2/repository/org/objenesis/objenesis/2.6/objenesis-2.6.jar:/home/rootuser/.m2/repository/org/skyscreamer/jsonassert/1.5.0/jsonassert-1.5.0.jar:/home/rootuser/.m2/repository/com/vaadin/external/google/android-json/0.0.20131108.vaadin1/android-json-0.0.20131108.vaadin1.jar:/home/rootuser/.m2/repository/org/springframework/spring-core/5.2.3.RELEASE/spring-core-5.2.3.RELEASE.jar:/home/rootuser/.m2/repository/org/springframework/spring-jcl/5.2.3.RELEASE/spring-jcl-5.2.3.RELEASE.jar:/home/rootuser/.m2/repository/org/springframework/spring-test/5.2.3.RELEASE/spring-test-5.2.3.RELEASE.jar:/home/rootuser/.m2/repository/org/xmlunit/xmlunit-core/2.6.3/xmlunit-core-2.6.3.jar:/home/rootuser/.m2/repository/org/springframework/security/spring-security-test/5.2.1.RELEASE/spring-security-test-5.2.1.RELEASE.jar:/home/rootuser/.m2/repository/org/springframework/security/spring-security-core/5.2.1.RELEASE/spring-security-core-5.2.1.RELEASE.jar:/home/rootuser/.m2/repository/org/apache/maven/plugins/maven-assembly-plugin/3.3.0/maven-assembly-plugin-3.3.0.jar:/home/rootuser/.m2/repository/org/apache/maven/maven-plugin-api/3.0/maven-plugin-api-3.0.jar:/home/rootuser/.m2/repository/org/sonatype/sisu/sisu-inject-plexus/1.4.2/sisu-inject-plexus-1.4.2.jar:/home/rootuser/.m2/repository/org/sonatype/sisu/sisu-inject-bean/1.4.2/sisu-inject-bean-1.4.2.jar:/home/rootuser/.m2/repository/org/sonatype/sisu/sisu-guice/2.1.7/sisu-guice-2.1.7-noaop.jar:/home/rootuser/.m2/repository/org/apache/maven/maven-core/3.0/maven-core-3.0.jar:/home/rootuser/.m2/repository/org/apache/maven/maven-settings/3.0/maven-settings-3.0.jar:/home/rootuser/.m2/repository/org/apache/maven/maven-settings-builder/3.0/maven-settings-builder-3.0.jar:/home/rootuser/.m2/repository/org/apache/maven/maven-repository-metadata/3.0/maven-repository-metadata-3.0.jar:/home/rootuser/.m2/repository/org/apache/maven/maven-model-builder/3.0/maven-model-builder-3.0.jar:/home/rootuser/.m2/repository/org/apache/maven/maven-aether-provider/3.0/maven-aether-provider-3.0.jar:/home/rootuser/.m2/repository/org/sonatype/aether/aether-impl/1.7/aether-impl-1.7.jar:/home/rootuser/.m2/repository/org/sonatype/aether/aether-spi/1.7/aether-spi-1.7.jar:/home/rootuser/.m2/repository/org/sonatype/aether/aether-api/1.7/aether-api-1.7.jar:/home/rootuser/.m2/repository/org/sonatype/aether/aether-util/1.7/aether-util-1.7.jar:/home/rootuser/.m2/repository/org/codehaus/plexus/plexus-classworlds/2.2.3/plexus-classworlds-2.2.3.jar:/home/rootuser/.m2/repository/org/codehaus/plexus/plexus-component-annotations/1.5.5/plexus-component-annotations-1.5.5.jar:/home/rootuser/.m2/repository/org/sonatype/plexus/plexus-sec-dispatcher/1.3/plexus-sec-dispatcher-1.3.jar:/home/rootuser/.m2/repository/org/sonatype/plexus/plexus-cipher/1.4/plexus-cipher-1.4.jar:/home/rootuser/.m2/repository/org/apache/maven/maven-artifact/3.0/maven-artifact-3.0.jar:/home/rootuser/.m2/repository/org/apache/maven/maven-model/3.0/maven-model-3.0.jar:/home/rootuser/.m2/repository/org/apache/maven/shared/maven-common-artifact-filters/3.1.0/maven-common-artifact-filters-3.1.0.jar:/home/rootuser/.m2/repository/org/apache/maven/shared/maven-shared-utils/3.1.0/maven-shared-utils-3.1.0.jar:/home/rootuser/.m2/repository/org/apache/maven/shared/maven-artifact-transfer/0.11.0/maven-artifact-transfer-0.11.0.jar:/home/rootuser/.m2/repository/org/codehaus/plexus/plexus-interpolation/1.25/plexus-interpolation-1.25.jar:/home/rootuser/.m2/repository/org/codehaus/plexus/plexus-archiver/4.2.1/plexus-archiver-4.2.1.jar:/home/rootuser/.m2/repository/org/apache/commons/commons-compress/1.19/commons-compress-1.19.jar:/home/rootuser/.m2/repository/org/iq80/snappy/snappy/0.4/snappy-0.4.jar:/home/rootuser/.m2/repository/org/tukaani/xz/1.8/xz-1.8.jar:/home/rootuser/.m2/repository/org/apache/maven/shared/file-management/3.0.0/file-management-3.0.0.jar:/home/rootuser/.m2/repository/org/apache/maven/shared/maven-shared-io/3.0.0/maven-shared-io-3.0.0.jar:/home/rootuser/.m2/repository/org/apache/maven/maven-compat/3.0/maven-compat-3.0.jar:/home/rootuser/.m2/repository/org/apache/maven/wagon/wagon-provider-api/2.10/wagon-provider-api-2.10.jar:/home/rootuser/.m2/repository/commons-io/commons-io/2.5/commons-io-2.5.jar:/home/rootuser/.m2/repository/org/apache/maven/shared/maven-filtering/3.1.1/maven-filtering-3.1.1.jar:/home/rootuser/.m2/repository/org/sonatype/plexus/plexus-build-api/0.0.7/plexus-build-api-0.0.7.jar:/home/rootuser/.m2/repository/org/codehaus/plexus/plexus-io/3.2.0/plexus-io-3.2.0.jar:/home/rootuser/.m2/repository/org/apache/maven/maven-archiver/3.5.0/maven-archiver-3.5.0.jar:/home/rootuser/.m2/repository/org/codehaus/plexus/plexus-utils/3.3.0/plexus-utils-3.3.0.jar:/home/rootuser/.m2/repository/commons-codec/commons-codec/1.13/commons-codec-1.13.jar:"/>
    <property name="java.vm.vendor" value="Ubuntu"/>
    <property name="sun.arch.data.model" value="64"/>
    <property name="datadog.slf4j.simpleLogger.showDateTime" value="true"/>
    <property name="java.vendor.url" value="https://ubuntu.com/"/>
    <property name="user.timezone" value="Asia/Kolkata"/>
    <property name="java.vm.specification.version" value="11"/>
    <property name="os.name" value="Linux"/>
    <property name="sun.java.launcher" value="SUN_STANDARD"/>
    <property name="user.country" value="IN"/>
    <property name="sun.boot.library.path" value="/usr/lib/jvm/java-11-openjdk-amd64/lib"/>
    <property name="sun.java.command" value="/home/rootuser/Desktop/FinalDemo/capstone/backend/target/surefire/surefirebooter274217101904916732.jar /home/rootuser/Desktop/FinalDemo/capstone/backend/target/surefire 2024-03-19T00-43-55_912-jvmRun1 surefire18337737956903888972tmp surefire_03222390324939883523tmp"/>
    <property name="jdk.debug" value="release"/>
    <property name="surefire.test.class.path" value="/home/rootuser/Desktop/FinalDemo/capstone/backend/target/test-classes:/home/rootuser/Desktop/FinalDemo/capstone/backend/target/classes:/home/rootuser/.m2/repository/com/google/cloud/google-cloud-vision/1.99.3/google-cloud-vision-1.99.3.jar:/home/rootuser/.m2/repository/io/grpc/grpc-api/1.30.2/grpc-api-1.30.2.jar:/home/rootuser/.m2/repository/io/grpc/grpc-context/1.30.2/grpc-context-1.30.2.jar:/home/rootuser/.m2/repository/com/google/code/findbugs/jsr305/3.0.2/jsr305-3.0.2.jar:/home/rootuser/.m2/repository/org/codehaus/mojo/animal-sniffer-annotations/1.18/animal-sniffer-annotations-1.18.jar:/home/rootuser/.m2/repository/io/grpc/grpc-stub/1.30.2/grpc-stub-1.30.2.jar:/home/rootuser/.m2/repository/io/grpc/grpc-protobuf/1.30.2/grpc-protobuf-1.30.2.jar:/home/rootuser/.m2/repository/io/grpc/grpc-protobuf-lite/1.30.2/grpc-protobuf-lite-1.30.2.jar:/home/rootuser/.m2/repository/com/google/api/api-common/1.9.3/api-common-1.9.3.jar:/home/rootuser/.m2/repository/com/google/auto/value/auto-value-annotations/1.7.2/auto-value-annotations-1.7.2.jar:/home/rootuser/.m2/repository/com/google/protobuf/protobuf-java/3.12.2/protobuf-java-3.12.2.jar:/home/rootuser/.m2/repository/com/google/api/grpc/proto-google-common-protos/1.18.0/proto-google-common-protos-1.18.0.jar:/home/rootuser/.m2/repository/com/google/api/grpc/proto-google-cloud-vision-v1p4beta1/0.82.3/proto-google-cloud-vision-v1p4beta1-0.82.3.jar:/home/rootuser/.m2/repository/com/google/api/grpc/proto-google-cloud-vision-v1/1.81.3/proto-google-cloud-vision-v1-1.81.3.jar:/home/rootuser/.m2/repository/com/google/api/grpc/proto-google-cloud-vision-v1p1beta1/0.82.3/proto-google-cloud-vision-v1p1beta1-0.82.3.jar:/home/rootuser/.m2/repository/com/google/api/grpc/proto-google-cloud-vision-v1p3beta1/0.82.3/proto-google-cloud-vision-v1p3beta1-0.82.3.jar:/home/rootuser/.m2/repository/com/google/api/grpc/proto-google-cloud-vision-v1p2beta1/1.81.3/proto-google-cloud-vision-v1p2beta1-1.81.3.jar:/home/rootuser/.m2/repository/com/google/guava/guava/29.0-android/guava-29.0-android.jar:/home/rootuser/.m2/repository/com/google/guava/failureaccess/1.0.1/failureaccess-1.0.1.jar:/home/rootuser/.m2/repository/com/google/guava/listenablefuture/9999.0-empty-to-avoid-conflict-with-guava/listenablefuture-9999.0-empty-to-avoid-conflict-with-guava.jar:/home/rootuser/.m2/repository/org/checkerframework/checker-compat-qual/2.5.5/checker-compat-qual-2.5.5.jar:/home/rootuser/.m2/repository/com/google/j2objc/j2objc-annotations/1.3/j2objc-annotations-1.3.jar:/home/rootuser/.m2/repository/com/google/api/gax/1.57.1/gax-1.57.1.jar:/home/rootuser/.m2/repository/com/google/auth/google-auth-library-oauth2-http/0.21.1/google-auth-library-oauth2-http-0.21.1.jar:/home/rootuser/.m2/repository/com/google/http-client/google-http-client/1.36.0/google-http-client-1.36.0.jar:/home/rootuser/.m2/repository/org/apache/httpcomponents/httpclient/4.5.10/httpclient-4.5.10.jar:/home/rootuser/.m2/repository/org/apache/httpcomponents/httpcore/4.4.13/httpcore-4.4.13.jar:/home/rootuser/.m2/repository/io/opencensus/opencensus-contrib-http-util/0.24.0/opencensus-contrib-http-util-0.24.0.jar:/home/rootuser/.m2/repository/com/google/http-client/google-http-client-jackson2/1.36.0/google-http-client-jackson2-1.36.0.jar:/home/rootuser/.m2/repository/io/opencensus/opencensus-api/0.24.0/opencensus-api-0.24.0.jar:/home/rootuser/.m2/repository/com/google/api/gax-grpc/1.57.1/gax-grpc-1.57.1.jar:/home/rootuser/.m2/repository/io/grpc/grpc-auth/1.30.2/grpc-auth-1.30.2.jar:/home/rootuser/.m2/repository/com/google/auth/google-auth-library-credentials/0.21.1/google-auth-library-credentials-0.21.1.jar:/home/rootuser/.m2/repository/io/grpc/grpc-netty-shaded/1.30.2/grpc-netty-shaded-1.30.2.jar:/home/rootuser/.m2/repository/io/grpc/grpc-core/1.30.2/grpc-core-1.30.2.jar:/home/rootuser/.m2/repository/com/google/android/annotations/4.1.1.4/annotations-4.1.1.4.jar:/home/rootuser/.m2/repository/io/perfmark/perfmark-api/0.19.0/perfmark-api-0.19.0.jar:/home/rootuser/.m2/repository/io/grpc/grpc-alts/1.30.2/grpc-alts-1.30.2.jar:/home/rootuser/.m2/repository/io/grpc/grpc-grpclb/1.30.2/grpc-grpclb-1.30.2.jar:/home/rootuser/.m2/repository/org/apache/commons/commons-lang3/3.9/commons-lang3-3.9.jar:/home/rootuser/.m2/repository/org/conscrypt/conscrypt-openjdk-uber/2.2.1/conscrypt-openjdk-uber-2.2.1.jar:/home/rootuser/.m2/repository/org/threeten/threetenbp/1.4.3/threetenbp-1.4.3.jar:/home/rootuser/.m2/repository/javax/annotation/javax.annotation-api/1.3.2/javax.annotation-api-1.3.2.jar:/home/rootuser/.m2/repository/com/jlefebure/spring-boot-starter-minio/1.1/spring-boot-starter-minio-1.1.jar:/home/rootuser/.m2/repository/org/springframework/boot/spring-boot-starter/2.2.4.RELEASE/spring-boot-starter-2.2.4.RELEASE.jar:/home/rootuser/.m2/repository/org/springframework/boot/spring-boot/2.2.4.RELEASE/spring-boot-2.2.4.RELEASE.jar:/home/rootuser/.m2/repository/org/springframework/boot/spring-boot-autoconfigure/2.2.4.RELEASE/spring-boot-autoconfigure-2.2.4.RELEASE.jar:/home/rootuser/.m2/repository/org/springframework/boot/spring-boot-starter-logging/2.2.4.RELEASE/spring-boot-starter-logging-2.2.4.RELEASE.jar:/home/rootuser/.m2/repository/ch/qos/logback/logback-classic/1.2.3/logback-classic-1.2.3.jar:/home/rootuser/.m2/repository/ch/qos/logback/logback-core/1.2.3/logback-core-1.2.3.jar:/home/rootuser/.m2/repository/org/apache/logging/log4j/log4j-to-slf4j/2.12.1/log4j-to-slf4j-2.12.1.jar:/home/rootuser/.m2/repository/org/apache/logging/log4j/log4j-api/2.12.1/log4j-api-2.12.1.jar:/home/rootuser/.m2/repository/org/slf4j/jul-to-slf4j/1.7.30/jul-to-slf4j-1.7.30.jar:/home/rootuser/.m2/repository/jakarta/annotation/jakarta.annotation-api/1.3.5/jakarta.annotation-api-1.3.5.jar:/home/rootuser/.m2/repository/org/yaml/snakeyaml/1.25/snakeyaml-1.25.jar:/home/rootuser/.m2/repository/io/minio/minio/6.0.8/minio-6.0.8.jar:/home/rootuser/.m2/repository/com/google/http-client/google-http-client-xml/1.36.0/google-http-client-xml-1.36.0.jar:/home/rootuser/.m2/repository/xpp3/xpp3/1.1.4c/xpp3-1.1.4c.jar:/home/rootuser/.m2/repository/com/squareup/okhttp3/okhttp/3.14.6/okhttp-3.14.6.jar:/home/rootuser/.m2/repository/com/squareup/okio/okio/1.17.2/okio-1.17.2.jar:/home/rootuser/.m2/repository/joda-time/joda-time/2.10.5/joda-time-2.10.5.jar:/home/rootuser/.m2/repository/com/fasterxml/jackson/core/jackson-annotations/2.10.2/jackson-annotations-2.10.2.jar:/home/rootuser/.m2/repository/com/fasterxml/jackson/core/jackson-core/2.10.2/jackson-core-2.10.2.jar:/home/rootuser/.m2/repository/com/google/code/findbugs/annotations/3.0.1/annotations-3.0.1.jar:/home/rootuser/.m2/repository/net/jcip/jcip-annotations/1.0/jcip-annotations-1.0.jar:/home/rootuser/.m2/repository/io/micrometer/micrometer-core/1.3.2/micrometer-core-1.3.2.jar:/home/rootuser/.m2/repository/org/hdrhistogram/HdrHistogram/2.1.11/HdrHistogram-2.1.11.jar:/home/rootuser/.m2/repository/org/latencyutils/LatencyUtils/2.0.3/LatencyUtils-2.0.3.jar:/home/rootuser/.m2/repository/org/springframework/spring-aop/5.2.3.RELEASE/spring-aop-5.2.3.RELEASE.jar:/home/rootuser/.m2/repository/org/springframework/spring-beans/5.2.3.RELEASE/spring-beans-5.2.3.RELEASE.jar:/home/rootuser/.m2/repository/org/springframework/boot/spring-boot-starter-aop/2.2.4.RELEASE/spring-boot-starter-aop-2.2.4.RELEASE.jar:/home/rootuser/.m2/repository/org/aspectj/aspectjweaver/1.9.5/aspectjweaver-1.9.5.jar:/home/rootuser/.m2/repository/org/springframework/kafka/spring-kafka/2.3.5.RELEASE/spring-kafka-2.3.5.RELEASE.jar:/home/rootuser/.m2/repository/org/apache/kafka/kafka-clients/2.3.1/kafka-clients-2.3.1.jar:/home/rootuser/.m2/repository/com/github/luben/zstd-jni/1.4.0-1/zstd-jni-1.4.0-1.jar:/home/rootuser/.m2/repository/org/lz4/lz4-java/1.6.0/lz4-java-1.6.0.jar:/home/rootuser/.m2/repository/org/xerial/snappy/snappy-java/1.1.7.3/snappy-java-1.1.7.3.jar:/home/rootuser/.m2/repository/org/slf4j/slf4j-api/1.7.30/slf4j-api-1.7.30.jar:/home/rootuser/.m2/repository/org/springframework/retry/spring-retry/1.2.5.RELEASE/spring-retry-1.2.5.RELEASE.jar:/home/rootuser/.m2/repository/org/springframework/spring-context/5.2.3.RELEASE/spring-context-5.2.3.RELEASE.jar:/home/rootuser/.m2/repository/org/springframework/spring-expression/5.2.3.RELEASE/spring-expression-5.2.3.RELEASE.jar:/home/rootuser/.m2/repository/org/springframework/spring-messaging/5.2.3.RELEASE/spring-messaging-5.2.3.RELEASE.jar:/home/rootuser/.m2/repository/org/springframework/spring-tx/5.2.3.RELEASE/spring-tx-5.2.3.RELEASE.jar:/home/rootuser/.m2/repository/com/google/protobuf/protobuf-java-util/3.12.2/protobuf-java-util-3.12.2.jar:/home/rootuser/.m2/repository/com/google/errorprone/error_prone_annotations/2.3.4/error_prone_annotations-2.3.4.jar:/home/rootuser/.m2/repository/com/google/code/gson/gson/2.8.6/gson-2.8.6.jar:/home/rootuser/.m2/repository/org/springframework/boot/spring-boot-starter-data-mongodb/2.2.4.RELEASE/spring-boot-starter-data-mongodb-2.2.4.RELEASE.jar:/home/rootuser/.m2/repository/org/mongodb/mongodb-driver/3.11.2/mongodb-driver-3.11.2.jar:/home/rootuser/.m2/repository/org/mongodb/bson/3.11.2/bson-3.11.2.jar:/home/rootuser/.m2/repository/org/mongodb/mongodb-driver-core/3.11.2/mongodb-driver-core-3.11.2.jar:/home/rootuser/.m2/repository/org/springframework/data/spring-data-mongodb/2.2.4.RELEASE/spring-data-mongodb-2.2.4.RELEASE.jar:/home/rootuser/.m2/repository/org/springframework/data/spring-data-commons/2.2.4.RELEASE/spring-data-commons-2.2.4.RELEASE.jar:/home/rootuser/.m2/repository/org/springframework/boot/spring-boot-starter-security/2.2.4.RELEASE/spring-boot-starter-security-2.2.4.RELEASE.jar:/home/rootuser/.m2/repository/org/springframework/security/spring-security-config/5.2.1.RELEASE/spring-security-config-5.2.1.RELEASE.jar:/home/rootuser/.m2/repository/org/springframework/security/spring-security-web/5.2.1.RELEASE/spring-security-web-5.2.1.RELEASE.jar:/home/rootuser/.m2/repository/org/springframework/boot/spring-boot-starter-web/2.2.4.RELEASE/spring-boot-starter-web-2.2.4.RELEASE.jar:/home/rootuser/.m2/repository/org/springframework/boot/spring-boot-starter-json/2.2.4.RELEASE/spring-boot-starter-json-2.2.4.RELEASE.jar:/home/rootuser/.m2/repository/com/fasterxml/jackson/datatype/jackson-datatype-jdk8/2.10.2/jackson-datatype-jdk8-2.10.2.jar:/home/rootuser/.m2/repository/com/fasterxml/jackson/datatype/jackson-datatype-jsr310/2.10.2/jackson-datatype-jsr310-2.10.2.jar:/home/rootuser/.m2/repository/com/fasterxml/jackson/module/jackson-module-parameter-names/2.10.2/jackson-module-parameter-names-2.10.2.jar:/home/rootuser/.m2/repository/org/springframework/boot/spring-boot-starter-tomcat/2.2.4.RELEASE/spring-boot-starter-tomcat-2.2.4.RELEASE.jar:/home/rootuser/.m2/repository/org/apache/tomcat/embed/tomcat-embed-core/9.0.30/tomcat-embed-core-9.0.30.jar:/home/rootuser/.m2/repository/org/apache/tomcat/embed/tomcat-embed-el/9.0.30/tomcat-embed-el-9.0.30.jar:/home/rootuser/.m2/repository/org/apache/tomcat/embed/tomcat-embed-websocket/9.0.30/tomcat-embed-websocket-9.0.30.jar:/home/rootuser/.m2/repository/org/springframework/boot/spring-boot-starter-validation/2.2.4.RELEASE/spring-boot-starter-validation-2.2.4.RELEASE.jar:/home/rootuser/.m2/repository/jakarta/validation/jakarta.validation-api/2.0.2/jakarta.validation-api-2.0.2.jar:/home/rootuser/.m2/repository/org/hibernate/validator/hibernate-validator/6.0.18.Final/hibernate-validator-6.0.18.Final.jar:/home/rootuser/.m2/repository/org/jboss/logging/jboss-logging/3.4.1.Final/jboss-logging-3.4.1.Final.jar:/home/rootuser/.m2/repository/com/fasterxml/classmate/1.5.1/classmate-1.5.1.jar:/home/rootuser/.m2/repository/org/springframework/spring-web/5.2.3.RELEASE/spring-web-5.2.3.RELEASE.jar:/home/rootuser/.m2/repository/org/springframework/spring-webmvc/5.2.3.RELEASE/spring-webmvc-5.2.3.RELEASE.jar:/home/rootuser/.m2/repository/io/jsonwebtoken/jjwt/0.9.1/jjwt-0.9.1.jar:/home/rootuser/.m2/repository/com/fasterxml/jackson/core/jackson-databind/2.10.2/jackson-databind-2.10.2.jar:/home/rootuser/.m2/repository/jakarta/xml/bind/jakarta.xml.bind-api/2.3.2/jakarta.xml.bind-api-2.3.2.jar:/home/rootuser/.m2/repository/jakarta/activation/jakarta.activation-api/1.2.1/jakarta.activation-api-1.2.1.jar:/home/rootuser/.m2/repository/io/micrometer/micrometer-registry-prometheus/1.3.2/micrometer-registry-prometheus-1.3.2.jar:/home/rootuser/.m2/repository/io/prometheus/simpleclient_common/0.7.0/simpleclient_common-0.7.0.jar:/home/rootuser/.m2/repository/io/prometheus/simpleclient/0.7.0/simpleclient-0.7.0.jar:/home/rootuser/.m2/repository/org/springframework/boot/spring-boot-starter-test/2.2.4.RELEASE/spring-boot-starter-test-2.2.4.RELEASE.jar:/home/rootuser/.m2/repository/org/springframework/boot/spring-boot-test/2.2.4.RELEASE/spring-boot-test-2.2.4.RELEASE.jar:/home/rootuser/.m2/repository/org/springframework/boot/spring-boot-test-autoconfigure/2.2.4.RELEASE/spring-boot-test-autoconfigure-2.2.4.RELEASE.jar:/home/rootuser/.m2/repository/com/jayway/jsonpath/json-path/2.4.0/json-path-2.4.0.jar:/home/rootuser/.m2/repository/net/minidev/json-smart/2.3/json-smart-2.3.jar:/home/rootuser/.m2/repository/net/minidev/accessors-smart/1.2/accessors-smart-1.2.jar:/home/rootuser/.m2/repository/org/ow2/asm/asm/5.0.4/asm-5.0.4.jar:/home/rootuser/.m2/repository/org/junit/jupiter/junit-jupiter/5.5.2/junit-jupiter-5.5.2.jar:/home/rootuser/.m2/repository/org/junit/jupiter/junit-jupiter-api/5.5.2/junit-jupiter-api-5.5.2.jar:/home/rootuser/.m2/repository/org/apiguardian/apiguardian-api/1.1.0/apiguardian-api-1.1.0.jar:/home/rootuser/.m2/repository/org/opentest4j/opentest4j/1.2.0/opentest4j-1.2.0.jar:/home/rootuser/.m2/repository/org/junit/platform/junit-platform-commons/1.5.2/junit-platform-commons-1.5.2.jar:/home/rootuser/.m2/repository/org/junit/jupiter/junit-jupiter-params/5.5.2/junit-jupiter-params-5.5.2.jar:/home/rootuser/.m2/repository/org/junit/jupiter/junit-jupiter-engine/5.5.2/junit-jupiter-engine-5.5.2.jar:/home/rootuser/.m2/repository/org/junit/platform/junit-platform-engine/1.5.2/junit-platform-engine-1.5.2.jar:/home/rootuser/.m2/repository/org/mockito/mockito-junit-jupiter/3.1.0/mockito-junit-jupiter-3.1.0.jar:/home/rootuser/.m2/repository/org/assertj/assertj-core/3.13.2/assertj-core-3.13.2.jar:/home/rootuser/.m2/repository/org/hamcrest/hamcrest/2.1/hamcrest-2.1.jar:/home/rootuser/.m2/repository/org/mockito/mockito-core/3.1.0/mockito-core-3.1.0.jar:/home/rootuser/.m2/repository/net/bytebuddy/byte-buddy/1.10.6/byte-buddy-1.10.6.jar:/home/rootuser/.m2/repository/net/bytebuddy/byte-buddy-agent/1.10.6/byte-buddy-agent-1.10.6.jar:/home/rootuser/.m2/repository/org/objenesis/objenesis/2.6/objenesis-2.6.jar:/home/rootuser/.m2/repository/org/skyscreamer/jsonassert/1.5.0/jsonassert-1.5.0.jar:/home/rootuser/.m2/repository/com/vaadin/external/google/android-json/0.0.20131108.vaadin1/android-json-0.0.20131108.vaadin1.jar:/home/rootuser/.m2/repository/org/springframework/spring-core/5.2.3.RELEASE/spring-core-5.2.3.RELEASE.jar:/home/rootuser/.m2/repository/org/springframework/spring-jcl/5.2.3.RELEASE/spring-jcl-5.2.3.RELEASE.jar:/home/rootuser/.m2/repository/org/springframework/spring-test/5.2.3.RELEASE/spring-test-5.2.3.RELEASE.jar:/home/rootuser/.m2/repository/org/xmlunit/xmlunit-core/2.6.3/xmlunit-core-2.6.3.jar:/home/rootuser/.m2/repository/org/springframework/security/spring-security-test/5.2.1.RELEASE/spring-security-test-5.2.1.RELEASE.jar:/home/rootuser/.m2/repository/org/springframework/security/spring-security-core/5.2.1.RELEASE/spring-security-core-5.2.1.RELEASE.jar:/home/rootuser/.m2/repository/org/apache/maven/plugins/maven-assembly-plugin/3.3.0/maven-assembly-plugin-3.3.0.jar:/home/rootuser/.m2/repository/org/apache/maven/maven-plugin-api/3.0/maven-plugin-api-3.0.jar:/home/rootuser/.m2/repository/org/sonatype/sisu/sisu-inject-plexus/1.4.2/sisu-inject-plexus-1.4.2.jar:/home/rootuser/.m2/repository/org/sonatype/sisu/sisu-inject-bean/1.4.2/sisu-inject-bean-1.4.2.jar:/home/rootuser/.m2/repository/org/sonatype/sisu/sisu-guice/2.1.7/sisu-guice-2.1.7-noaop.jar:/home/rootuser/.m2/repository/org/apache/maven/maven-core/3.0/maven-core-3.0.jar:/home/rootuser/.m2/repository/org/apache/maven/maven-settings/3.0/maven-settings-3.0.jar:/home/rootuser/.m2/repository/org/apache/maven/maven-settings-builder/3.0/maven-settings-builder-3.0.jar:/home/rootuser/.m2/repository/org/apache/maven/maven-repository-metadata/3.0/maven-repository-metadata-3.0.jar:/home/rootuser/.m2/repository/org/apache/maven/maven-model-builder/3.0/maven-model-builder-3.0.jar:/home/rootuser/.m2/repository/org/apache/maven/maven-aether-provider/3.0/maven-aether-provider-3.0.jar:/home/rootuser/.m2/repository/org/sonatype/aether/aether-impl/1.7/aether-impl-1.7.jar:/home/rootuser/.m2/repository/org/sonatype/aether/aether-spi/1.7/aether-spi-1.7.jar:/home/rootuser/.m2/repository/org/sonatype/aether/aether-api/1.7/aether-api-1.7.jar:/home/rootuser/.m2/repository/org/sonatype/aether/aether-util/1.7/aether-util-1.7.jar:/home/rootuser/.m2/repository/org/codehaus/plexus/plexus-classworlds/2.2.3/plexus-classworlds-2.2.3.jar:/home/rootuser/.m2/repository/org/codehaus/plexus/plexus-component-annotations/1.5.5/plexus-component-annotations-1.5.5.jar:/home/rootuser/.m2/repository/org/sonatype/plexus/plexus-sec-dispatcher/1.3/plexus-sec-dispatcher-1.3.jar:/home/rootuser/.m2/repository/org/sonatype/plexus/plexus-cipher/1.4/plexus-cipher-1.4.jar:/home/rootuser/.m2/repository/org/apache/maven/maven-artifact/3.0/maven-artifact-3.0.jar:/home/rootuser/.m2/repository/org/apache/maven/maven-model/3.0/maven-model-3.0.jar:/home/rootuser/.m2/repository/org/apache/maven/shared/maven-common-artifact-filters/3.1.0/maven-common-artifact-filters-3.1.0.jar:/home/rootuser/.m2/repository/org/apache/maven/shared/maven-shared-utils/3.1.0/maven-shared-utils-3.1.0.jar:/home/rootuser/.m2/repository/org/apache/maven/shared/maven-artifact-transfer/0.11.0/maven-artifact-transfer-0.11.0.jar:/home/rootuser/.m2/repository/org/codehaus/plexus/plexus-interpolation/1.25/plexus-interpolation-1.25.jar:/home/rootuser/.m2/repository/org/codehaus/plexus/plexus-archiver/4.2.1/plexus-archiver-4.2.1.jar:/home/rootuser/.m2/repository/org/apache/commons/commons-compress/1.19/commons-compress-1.19.jar:/home/rootuser/.m2/repository/org/iq80/snappy/snappy/0.4/snappy-0.4.jar:/home/rootuser/.m2/repository/org/tukaani/xz/1.8/xz-1.8.jar:/home/rootuser/.m2/repository/org/apache/maven/shared/file-management/3.0.0/file-management-3.0.0.jar:/home/rootuser/.m2/repository/org/apache/maven/shared/maven-shared-io/3.0.0/maven-shared-io-3.0.0.jar:/home/rootuser/.m2/repository/org/apache/maven/maven-compat/3.0/maven-compat-3.0.jar:/home/rootuser/.m2/repository/org/apache/maven/wagon/wagon-provider-api/2.10/wagon-provider-api-2.10.jar:/home/rootuser/.m2/repository/commons-io/commons-io/2.5/commons-io-2.5.jar:/home/rootuser/.m2/repository/org/apache/maven/shared/maven-filtering/3.1.1/maven-filtering-3.1.1.jar:/home/rootuser/.m2/repository/org/sonatype/plexus/plexus-build-api/0.0.7/plexus-build-api-0.0.7.jar:/home/rootuser/.m2/repository/org/codehaus/plexus/plexus-io/3.2.0/plexus-io-3.2.0.jar:/home/rootuser/.m2/repository/org/apache/maven/maven-archiver/3.5.0/maven-archiver-3.5.0.jar:/home/rootuser/.m2/repository/org/codehaus/plexus/plexus-utils/3.3.0/plexus-utils-3.3.0.jar:/home/rootuser/.m2/repository/commons-codec/commons-codec/1.13/commons-codec-1.13.jar:"/>
    <property name="sun.cpu.endian" value="little"/>
    <property name="user.home" value="/home/rootuser"/>
    <property name="user.language" value="en"/>
    <property name="java.specification.vendor" value="Oracle Corporation"/>
    <property name="java.version.date" value="2024-01-16"/>
    <property name="java.home" value="/usr/lib/jvm/java-11-openjdk-amd64"/>
    <property name="file.separator" value="/"/>
    <property name="basedir" value="/home/rootuser/Desktop/FinalDemo/capstone/backend"/>
    <property name="java.vm.compressedOopsMode" value="Zero based"/>
    <property name="line.separator" value="&#10;"/>
    <property name="java.specification.name" value="Java Platform API Specification"/>
    <property name="java.vm.specification.vendor" value="Oracle Corporation"/>
    <property name="datadog.slf4j.simpleLogger.dateTimeFormat" value="&apos;[dd.trace &apos;yyyy-MM-dd HH:mm:ss:SSS Z&apos;]&apos;"/>
    <property name="java.awt.graphicsenv" value="sun.awt.X11GraphicsEnvironment"/>
    <property name="surefire.real.class.path" value="/home/rootuser/Desktop/FinalDemo/capstone/backend/target/surefire/surefirebooter274217101904916732.jar"/>
    <property name="sun.management.compiler" value="HotSpot 64-Bit Tiered Compilers"/>
    <property name="java.runtime.version" value="11.0.22+7-post-Ubuntu-0ubuntu222.04.1"/>
    <property name="user.name" value="arcturus"/>
    <property name="path.separator" value=":"/>
    <property name="os.version" value="6.5.0-25-generic"/>
    <property name="java.runtime.name" value="OpenJDK Runtime Environment"/>
    <property name="file.encoding" value="UTF-8"/>
    <property name="java.vm.name" value="OpenJDK 64-Bit Server VM"/>
    <property name="localRepository" value="/home/rootuser/.m2/repository"/>
    <property name="java.vendor.url.bug" value="https://bugs.launchpad.net/ubuntu/+source/openjdk-lts"/>
    <property name="java.io.tmpdir" value="/tmp"/>
    <property name="java.version" value="11.0.22"/>
    <property name="user.dir" value="/home/rootuser/Desktop/FinalDemo/capstone/backend"/>
    <property name="os.arch" value="amd64"/>
    <property name="java.vm.specification.name" value="Java Virtual Machine Specification"/>
    <property name="java.awt.printerjob" value="sun.print.PSPrinterJob"/>
    <property name="sun.os.patch.level" value="unknown"/>
    <property name="java.library.path" value="/usr/java/packages/lib:/usr/lib/x86_64-linux-gnu/jni:/lib/x86_64-linux-gnu:/usr/lib/x86_64-linux-gnu:/usr/lib/jni:/lib:/usr/lib"/>
    <property name="java.vm.info" value="mixed mode, sharing"/>
    <property name="java.vendor" value="Ubuntu"/>
    <property name="java.vm.version" value="11.0.22+7-post-Ubuntu-0ubuntu222.04.1"/>
    <property name="java.specification.maintenance.version" value="2"/>
    <property name="sun.io.unicode.encoding" value="UnicodeLittle"/>
    <property name="java.class.version" value="55.0"/>
  </properties>
  <testcase name="contextLoads" classname="com.bezkoder.spring.jwt.mongodb.SpringBootSecurityJwtMongodbApplicationTests" time="0.628"/>
</testsuite>